This file contains any messages produced by compilers while
running configure, to aid debugging if configure makes a mistake.

It was created by configure, which was
generated by GNU Autoconf 2.61.  Invocation command line was

  $ ./configure 

## --------- ##
## Platform. ##
## --------- ##

hostname = dh
uname -m = i686
uname -r = 2.6.24-16-generic
uname -s = Linux
uname -v = #1 SMP Thu Apr 10 13:23:42 UTC 2008

/usr/bin/uname -p = unknown
/bin/uname -X     = unknown

/bin/arch              = unknown
/usr/bin/arch -k       = unknown
/usr/convex/getsysinfo = unknown
/usr/bin/hostinfo      = unknown
/bin/machine           = unknown
/usr/bin/oslevel       = unknown
/bin/universe          = unknown

PATH: /usr/local/sbin
PATH: /usr/local/bin
PATH: /usr/sbin
PATH: /usr/bin
PATH: /sbin
PATH: /bin
PATH: /usr/games


## ----------- ##
## Core tests. ##
## ----------- ##

configure:1710: checking build system type
configure:1728: result: i686-pc-linux-gnu
configure:1750: checking host system type
configure:1765: result: i686-pc-linux-gnu
configure:1787: checking target system type
configure:1802: result: i686-pc-linux-gnu
configure:1837: checking for erl
configure:1855: found /usr/local/bin/erl
configure:1867: result: /usr/local/bin/erl
configure:1877: checking for erlc
configure:1895: found /usr/local/bin/erlc
configure:1907: result: /usr/local/bin/erlc
configure:2041: checking for gcc
configure:2057: found /usr/bin/gcc
configure:2068: result: gcc
configure:2306: checking for C compiler version
configure:2313: gcc --version >&5
gcc (GCC) 4.2.3 (Ubuntu 4.2.3-2ubuntu7)
Copyright (C) 2007 Free Software Foundation, Inc.
This is free software; see the source for copying conditions.  There is NO
warranty; not even for MERCHANTABILITY or FITNESS FOR A PARTICULAR PURPOSE.

configure:2316: $? = 0
configure:2323: gcc -v >&5
Using built-in specs.
Target: i486-linux-gnu
Configured with: ../src/configure -v --enable-languages=c,c++,fortran,objc,obj-c++,treelang --prefix=/usr --enable-shared --with-system-zlib --libexecdir=/usr/lib --without-included-gettext --enable-threads=posix --enable-nls --with-gxx-include-dir=/usr/include/c++/4.2 --program-suffix=-4.2 --enable-clocale=gnu --enable-libstdcxx-debug --enable-objc-gc --enable-mpfr --enable-targets=all --enable-checking=release --build=i486-linux-gnu --host=i486-linux-gnu --target=i486-linux-gnu
Thread model: posix
gcc version 4.2.3 (Ubuntu 4.2.3-2ubuntu7)
configure:2326: $? = 0
configure:2333: gcc -V >&5
gcc: '-V' option must have argument
configure:2336: $? = 1
configure:2359: checking for C compiler default output file name
configure:2386: gcc    conftest.c  >&5
configure:2389: $? = 0
configure:2427: result: a.out
configure:2444: checking whether the C compiler works
configure:2454: ./a.out
configure:2457: $? = 0
configure:2474: result: yes
configure:2481: checking whether we are cross compiling
configure:2483: result: no
configure:2486: checking for suffix of executables
configure:2493: gcc -o conftest    conftest.c  >&5
configure:2496: $? = 0
configure:2520: result: 
configure:2526: checking for suffix of object files
configure:2552: gcc -c   conftest.c >&5
configure:2555: $? = 0
configure:2578: result: o
configure:2582: checking whether we are using the GNU C compiler
configure:2611: gcc -c   conftest.c >&5
configure:2617: $? = 0
configure:2634: result: yes
configure:2639: checking whether gcc accepts -g
configure:2669: gcc -c -g  conftest.c >&5
configure:2675: $? = 0
configure:2774: result: yes
configure:2791: checking for gcc option to accept ISO C89
configure:2865: gcc  -c -g -O2  conftest.c >&5
configure:2871: $? = 0
configure:2894: result: none needed
configure:2918: checking how to run the C preprocessor
configure:2958: gcc -E  conftest.c
configure:2964: $? = 0
configure:2995: gcc -E  conftest.c
conftest.c:9:28: error: ac_nonexistent.h: No such file or directory
configure:3001: $? = 1
configure: failed program was:
| /* confdefs.h.  */
| #define PACKAGE_NAME ""
| #define PACKAGE_TARNAME ""
| #define PACKAGE_VERSION ""
| #define PACKAGE_STRING ""
| #define PACKAGE_BUGREPORT ""
| #define CPU_VENDOR_OS "i686-pc-linux-gnu"
| /* end confdefs.h.  */
| #include <ac_nonexistent.h>
configure:3034: result: gcc -E
configure:3063: gcc -E  conftest.c
configure:3069: $? = 0
configure:3100: gcc -E  conftest.c
conftest.c:9:28: error: ac_nonexistent.h: No such file or directory
configure:3106: $? = 1
configure: failed program was:
| /* confdefs.h.  */
| #define PACKAGE_NAME ""
| #define PACKAGE_TARNAME ""
| #define PACKAGE_VERSION ""
| #define PACKAGE_STRING ""
| #define PACKAGE_BUGREPORT ""
| #define CPU_VENDOR_OS "i686-pc-linux-gnu"
| /* end confdefs.h.  */
| #include <ac_nonexistent.h>
configure:3144: checking for grep that handles long lines and -e
configure:3218: result: /bin/grep
configure:3223: checking for egrep
configure:3301: result: /bin/grep -E
configure:3307: checking whether gcc needs -traditional
configure:3349: result: no
configure:3406: checking whether make sets $(MAKE)
configure:3427: result: yes
configure:3449: checking for a BSD-compatible install
configure:3505: result: /usr/bin/install -c
configure:3765: creating ./config.status

## ---------------------- ##
## Running config.status. ##
## ---------------------- ##

This file was extended by config.status, which was
generated by GNU Autoconf 2.61.  Invocation command line was

  CONFIG_FILES    = 
  CONFIG_HEADERS  = 
  CONFIG_LINKS    = 
  CONFIG_COMMANDS = 
  $ ./config.status 

on dh

config.status:610: creating include.mk

## ---------------- ##
## Cache variables. ##
## ---------------- ##

ac_cv_build=i686-pc-linux-gnu
ac_cv_c_compiler_gnu=yes
ac_cv_env_CC_set=
ac_cv_env_CC_value=
ac_cv_env_CFLAGS_set=
ac_cv_env_CFLAGS_value=
ac_cv_env_CPPFLAGS_set=
ac_cv_env_CPPFLAGS_value=
ac_cv_env_CPP_set=
ac_cv_env_CPP_value=
ac_cv_env_LDFLAGS_set=
ac_cv_env_LDFLAGS_value=
ac_cv_env_LIBS_set=
ac_cv_env_LIBS_value=
ac_cv_env_build_alias_set=
ac_cv_env_build_alias_value=
ac_cv_env_host_alias_set=
ac_cv_env_host_alias_value=
ac_cv_env_target_alias_set=
ac_cv_env_target_alias_value=
ac_cv_host=i686-pc-linux-gnu
ac_cv_objext=o
ac_cv_path_EGREP='/bin/grep -E'
ac_cv_path_ERL=/usr/local/bin/erl
ac_cv_path_ERLC=/usr/local/bin/erlc
ac_cv_path_GREP=/bin/grep
ac_cv_path_install='/usr/bin/install -c'
ac_cv_prog_CPP='gcc -E'
ac_cv_prog_ac_ct_CC=gcc
ac_cv_prog_cc_c89=
ac_cv_prog_cc_g=yes
ac_cv_prog_gcc_traditional=no
ac_cv_prog_make_make_set=yes
ac_cv_target=i686-pc-linux-gnu

## ----------------- ##
## Output variables. ##
## ----------------- ##

BSDI=''
CC='gcc'
CFLAGS='-g -O2 -I/usr/include/security'
CPP='gcc -E'
CPPFLAGS=''
DEFAULT_CHARSET=''
DEFS='-DPACKAGE_NAME=\"\" -DPACKAGE_TARNAME=\"\" -DPACKAGE_VERSION=\"\" -DPACKAGE_STRING=\"\" -DPACKAGE_BUGREPORT=\"\" -DCPU_VENDOR_OS=\"i686-pc-linux-gnu\" -DLINUX=1'
DLL='so'
DLL_LIBS=''
ECHO_C=''
ECHO_N='-n'
ECHO_T=''
EGREP='/bin/grep -E'
EPAM='../priv/epam'
ERL='/usr/local/bin/erl'
ERLBINDIR='/usr/local/lib/erlang/bin'
ERLC='/usr/local/bin/erlc'
ERLDIR='/usr/local/lib/erlang'
ERL_DLL_LIB=''
EXE=''
EXEEXT=''
EXTRAINCLUDE=''
FPIC='-fpic'
GREP='/bin/grep'
INSTALL_DATA='${INSTALL} -m 644'
INSTALL_PROGRAM='${INSTALL}'
INSTALL_SCRIPT='${INSTALL}'
LDFLAGS=''
LD_SHARED='gcc -shared'
LIBOBJS=''
LIBS=''
LINKER='gcc'
LTLIBOBJS=''
OBJ='o'
OBJEXT='o'
OUT='-o '
PACKAGE_BUGREPORT=''
PACKAGE_NAME=''
PACKAGE_STRING=''
PACKAGE_TARNAME=''
PACKAGE_VERSION=''
PATH_SEPARATOR=':'
SET_MAKE=''
SHELL='/bin/bash'
WERL=''
WIN32=''
ac_ct_CC='gcc'
bindir='${exec_prefix}/bin'
build='i686-pc-linux-gnu'
build_alias=''
build_cpu='i686'
build_os='linux-gnu'
build_vendor='pc'
datadir='${datarootdir}'
datarootdir='${prefix}/share'
docdir='${datarootdir}/doc/${PACKAGE}'
dvidir='${docdir}'
exec_prefix='${prefix}'
host='i686-pc-linux-gnu'
host_alias=''
host_cpu='i686'
host_os='linux-gnu'
host_vendor='pc'
htmldir='${docdir}'
includedir='${prefix}/include'
infodir='${datarootdir}/info'
libdir='${exec_prefix}/lib'
libexecdir='${exec_prefix}/libexec'
localedir='${datarootdir}/locale'
localstatedir='${prefix}/var'
mandir='${datarootdir}/man'
oldincludedir='/usr/include'
pdfdir='${docdir}'
prefix='/usr/local'
program_transform_name='s,x,x,'
psdir='${docdir}'
sbindir='${exec_prefix}/sbin'
sharedstatedir='${prefix}/com'
sysconfdir='${prefix}/etc'
target='i686-pc-linux-gnu'
target_alias=''
target_cpu='i686'
target_os='linux-gnu'
target_vendor='pc'

## ----------- ##
## confdefs.h. ##
## ----------- ##

#define PACKAGE_NAME ""
#define PACKAGE_TARNAME ""
#define PACKAGE_VERSION ""
#define PACKAGE_STRING ""
#define PACKAGE_BUGREPORT ""
#define CPU_VENDOR_OS "i686-pc-linux-gnu"
#define LINUX 1

configure: exit 0
